app/build/intermediates/manifest_merge_blame_file/debug/processDebugMainManifest/manifest-merger-blame-debug-report.txt
1<?xml version="1.0" encoding="utf-8"?>
2<manifest xmlns:android="http://schemas.android.com/apk/res/android"
3    package="com.echolearn.webview"
4    android:versionCode="1"
5    android:versionName="1.0" >
6
7    <uses-sdk
8        android:minSdkVersion="26"
9        android:targetSdkVersion="36" />
10
11    <uses-permission android:name="android.permission.INTERNET" />
11-->src\main\AndroidManifest.xml:4:5-67
11-->src\main\AndroidManifest.xml:4:22-64
12    <uses-permission android:name="android.permission.CAMERA" />
12-->src\main\AndroidManifest.xml:5:5-65
12-->src\main\AndroidManifest.xml:5:22-62
13    <uses-permission android:name="android.permission.RECORD_AUDIO" />
13-->src\main\AndroidManifest.xml:6:5-71
13-->src\main\AndroidManifest.xml:6:22-68
14
15    <permission
15-->[androidx.core:core:1.15.0] AndroidManifest.xml:22:5-24:47
16        android:name="com.echolearn.webview.DYNAMIC_RECEIVER_NOT_EXPORTED_PERMISSION"
16-->[androidx.core:core:1.15.0] AndroidManifest.xml:23:9-81
17        android:protectionLevel="signature" />
17-->[androidx.core:core:1.15.0] AndroidManifest.xml:24:9-44
18
19    <uses-permission android:name="com.echolearn.webview.DYNAMIC_RECEIVER_NOT_EXPORTED_PERMISSION" />
19-->[androidx.core:core:1.15.0] AndroidManifest.xml:26:5-97
19-->[androidx.core:core:1.15.0] AndroidManifest.xml:26:22-94
20
21    <application
21-->src\main\AndroidManifest.xml:8:5-29:19
22        android:allowBackup="true"
22-->src\main\AndroidManifest.xml:15:9-35
23        android:appComponentFactory="androidx.core.app.CoreComponentFactory"
23-->[androidx.core:core:1.15.0] AndroidManifest.xml:28:18-86
24        android:debuggable="true"
25        android:extractNativeLibs="false"
26        android:hardwareAccelerated="true"
26-->src\main\AndroidManifest.xml:13:9-43
27        android:label="双生"
27-->src\main\AndroidManifest.xml:10:9-27
28        android:networkSecurityConfig="@xml/network_security_config"
28-->src\main\AndroidManifest.xml:12:9-69
29        android:resizeableActivity="true"
29-->src\main\AndroidManifest.xml:14:9-42
30        android:supportsRtl="true"
30-->src\main\AndroidManifest.xml:16:9-35
31        android:testOnly="true"
32        android:theme="@style/AppTheme"
32-->src\main\AndroidManifest.xml:9:9-40
33        android:usesCleartextTraffic="true" >
33-->src\main\AndroidManifest.xml:11:9-44
34        <activity
34-->src\main\AndroidManifest.xml:18:9-28:20
35            android:name="com.echolearn.webview.MainActivity"
35-->src\main\AndroidManifest.xml:19:13-41
36            android:exported="true"
36-->src\main\AndroidManifest.xml:20:13-36
37            android:screenOrientation="portrait" >
37-->src\main\AndroidManifest.xml:21:13-49
38            <intent-filter>
38-->src\main\AndroidManifest.xml:23:13-26:29
39                <action android:name="android.intent.action.MAIN" />
39-->src\main\AndroidManifest.xml:24:17-69
39-->src\main\AndroidManifest.xml:24:25-66
40
41                <category android:name="android.intent.category.LAUNCHER" />
41-->src\main\AndroidManifest.xml:25:17-77
41-->src\main\AndroidManifest.xml:25:27-74
42            </intent-filter>
43        </activity>
44
45        <provider
45-->[androidx.profileinstaller:profileinstaller:1.3.1] AndroidManifest.xml:24:9-32:20
46            android:name="androidx.startup.InitializationProvider"
46-->[androidx.profileinstaller:profileinstaller:1.3.1] AndroidManifest.xml:25:13-67
47            android:authorities="com.echolearn.webview.androidx-startup"
47-->[androidx.profileinstaller:profileinstaller:1.3.1] AndroidManifest.xml:26:13-68
48            android:exported="false" >
48-->[androidx.profileinstaller:profileinstaller:1.3.1] AndroidManifest.xml:27:13-37
49            <meta-data
49-->[androidx.profileinstaller:profileinstaller:1.3.1] AndroidManifest.xml:29:13-31:52
50                android:name="androidx.profileinstaller.ProfileInstallerInitializer"
50-->[androidx.profileinstaller:profileinstaller:1.3.1] AndroidManifest.xml:30:17-85
51                android:value="androidx.startup" />
51-->[androidx.profileinstaller:profileinstaller:1.3.1] AndroidManifest.xml:31:17-49
52        </provider>
53
54        <receiver
54-->[androidx.profileinstaller:profileinstaller:1.3.1] AndroidManifest.xml:34:9-52:20
55            android:name="androidx.profileinstaller.ProfileInstallReceiver"
55-->[androidx.profileinstaller:profileinstaller:1.3.1] AndroidManifest.xml:35:13-76
56            android:directBootAware="false"
56-->[androidx.profileinstaller:profileinstaller:1.3.1] AndroidManifest.xml:36:13-44
57            android:enabled="true"
57-->[androidx.profileinstaller:profileinstaller:1.3.1] AndroidManifest.xml:37:13-35
58            android:exported="true"
58-->[androidx.profileinstaller:profileinstaller:1.3.1] AndroidManifest.xml:38:13-36
59            android:permission="android.permission.DUMP" >
59-->[androidx.profileinstaller:profileinstaller:1.3.1] AndroidManifest.xml:39:13-57
60            <intent-filter>
60-->[androidx.profileinstaller:profileinstaller:1.3.1] AndroidManifest.xml:40:13-42:29
61                <action android:name="androidx.profileinstaller.action.INSTALL_PROFILE" />
61-->[androidx.profileinstaller:profileinstaller:1.3.1] AndroidManifest.xml:41:17-91
61-->[androidx.profileinstaller:profileinstaller:1.3.1] AndroidManifest.xml:41:25-88
62            </intent-filter>
63            <intent-filter>
63-->[androidx.profileinstaller:profileinstaller:1.3.1] AndroidManifest.xml:43:13-45:29
64                <action android:name="androidx.profileinstaller.action.SKIP_FILE" />
64-->[androidx.profileinstaller:profileinstaller:1.3.1] AndroidManifest.xml:44:17-85
64-->[androidx.profileinstaller:profileinstaller:1.3.1] AndroidManifest.xml:44:25-82
65            </intent-filter>
66            <intent-filter>
66-->[androidx.profileinstaller:profileinstaller:1.3.1] AndroidManifest.xml:46:13-48:29
67                <action android:name="androidx.profileinstaller.action.SAVE_PROFILE" />
67-->[androidx.profileinstaller:profileinstaller:1.3.1] AndroidManifest.xml:47:17-88
67-->[androidx.profileinstaller:profileinstaller:1.3.1] AndroidManifest.xml:47:25-85
68            </intent-filter>
69            <intent-filter>
69-->[androidx.profileinstaller:profileinstaller:1.3.1] AndroidManifest.xml:49:13-51:29
70                <action android:name="androidx.profileinstaller.action.BENCHMARK_OPERATION" />
70-->[androidx.profileinstaller:profileinstaller:1.3.1] AndroidManifest.xml:50:17-95
70-->[androidx.profileinstaller:profileinstaller:1.3.1] AndroidManifest.xml:50:25-92
71            </intent-filter>
72        </receiver>
73    </application>
74
75</manifest>